<?xml version="1.0" encoding="UTF-8"?>
<!-- Generated by org.testng.reporters.JUnitXMLReporter -->
<testsuite ignored="0" hostname="DESKTOP-3OME5PL" failures="1" tests="10" name="Test" time="264.207" errors="0" timestamp="2024-04-01T15:23:54 IST">
  <testcase classname="com.PMPeople.TestClass2_SignIn.T1_Login" name="Login" time="32.844"/>
  <testcase classname="com.PMPeople.TestClass1_SignUp.T5_NewSignUp" name="Signup" time="20.968"/>
  <testcase classname="com.PMPeople.TestClass1_SignUp.T4_ChangingName_Country_FromSignUp" name="T4ChangingName_FromSignUp" time="21.078"/>
  <testcase classname="com.PMPeople.TestClass1_SignUp.T2_Checking_with_negative_details" name="negativeDetails" time="21.077"/>
  <testcase classname="com.PMPeople.TestClass6_ResourceManager.T1_AddResourcePool" name="addResourcePool" time="30.011"/>
  <testcase classname="com.PMPeople.TestClass1_SignUp.T1_SignUp" name="Signup" time="21.026"/>
  <testcase classname="com.PMPeople.TestClass6_ResourceManager.T2_AddingExistingContractorToResourcePool" name="ddingExistingContractorToResourcePool" time="34.136">
    <failure type="org.openqa.selenium.NoSuchElementException" message="no such element: Unable to locate element: {&amp;quot;method&amp;quot;:&amp;quot;xpath&amp;quot;,&amp;quot;selector&amp;quot;:&amp;quot;//*[@id=&amp;quot;tab_POOLDATA&amp;quot;]/div/div/div[1]/div[2]/div/button[2]&amp;quot;}
  (Session info: MicrosoftEdge=123.0.2420.65)
For documentation on this error, please visit: https://www.selenium.dev/documentation/webdriver/troubleshooting/errors#no-such-element-exception
Build info: version: &amp;apos;4.18.1&amp;apos;, revision: &amp;apos;b1d3319b48&amp;apos;
System info: os.name: &amp;apos;Windows 10&amp;apos;, os.arch: &amp;apos;amd64&amp;apos;, os.version: &amp;apos;10.0&amp;apos;, java.version: &amp;apos;17.0.10&amp;apos;
Driver info: org.openqa.selenium.edge.EdgeDriver
Command: [eb1e8f9df3d6594a3c6a89bd6c630b50, findElement {using=xpath, value=//*[@id=&amp;quot;tab_POOLDATA&amp;quot;]/div/div/div[1]/div[2]/div/button[2]}]
Capabilities {acceptInsecureCerts: false, browserName: MicrosoftEdge, browserVersion: 123.0.2420.65, fedcm:accounts: true, ms:edgeOptions: {debuggerAddress: localhost:55433}, msedge: {msedgedriverVersion: 123.0.2420.65 (49b6a5859239..., userDataDir: C:\Users\PLUSIN~1\AppData\L...}, networkConnectionEnabled: false, pageLoadStrategy: normal, platformName: windows, proxy: Proxy(), se:cdp: ws://localhost:55433/devtoo..., se:cdpVersion: 123.0.2420.65, setWindowRect: true, strictFileInteractability: false, timeouts: {implicit: 0, pageLoad: 300000, script: 30000}, unhandledPromptBehavior: dismiss and notify, webauthn:extension:credBlob: true, webauthn:extension:largeBlob: true, webauthn:extension:minPinLength: true, webauthn:extension:prf: true, webauthn:virtualAuthenticators: true}
Session ID: eb1e8f9df3d6594a3c6a89bd6c630b50">
      <![CDATA[org.openqa.selenium.NoSuchElementException: no such element: Unable to locate element: {"method":"xpath","selector":"//*[@id="tab_POOLDATA"]/div/div/div[1]/div[2]/div/button[2]"}
  (Session info: MicrosoftEdge=123.0.2420.65)
For documentation on this error, please visit: https://www.selenium.dev/documentation/webdriver/troubleshooting/errors#no-such-element-exception
Build info: version: '4.18.1', revision: 'b1d3319b48'
System info: os.name: 'Windows 10', os.arch: 'amd64', os.version: '10.0', java.version: '17.0.10'
Driver info: org.openqa.selenium.edge.EdgeDriver
Command: [eb1e8f9df3d6594a3c6a89bd6c630b50, findElement {using=xpath, value=//*[@id="tab_POOLDATA"]/div/div/div[1]/div[2]/div/button[2]}]
Capabilities {acceptInsecureCerts: false, browserName: MicrosoftEdge, browserVersion: 123.0.2420.65, fedcm:accounts: true, ms:edgeOptions: {debuggerAddress: localhost:55433}, msedge: {msedgedriverVersion: 123.0.2420.65 (49b6a5859239..., userDataDir: C:\Users\PLUSIN~1\AppData\L...}, networkConnectionEnabled: false, pageLoadStrategy: normal, platformName: windows, proxy: Proxy(), se:cdp: ws://localhost:55433/devtoo..., se:cdpVersion: 123.0.2420.65, setWindowRect: true, strictFileInteractability: false, timeouts: {implicit: 0, pageLoad: 300000, script: 30000}, unhandledPromptBehavior: dismiss and notify, webauthn:extension:credBlob: true, webauthn:extension:largeBlob: true, webauthn:extension:minPinLength: true, webauthn:extension:prf: true, webauthn:virtualAuthenticators: true}
Session ID: eb1e8f9df3d6594a3c6a89bd6c630b50
at org.openqa.selenium.remote.ErrorCodec.decode(ErrorCodec.java:167)
at org.openqa.selenium.remote.codec.w3c.W3CHttpResponseCodec.decode(W3CHttpResponseCodec.java:138)
at org.openqa.selenium.remote.codec.w3c.W3CHttpResponseCodec.decode(W3CHttpResponseCodec.java:50)
at org.openqa.selenium.remote.HttpCommandExecutor.execute(HttpCommandExecutor.java:190)
at org.openqa.selenium.remote.service.DriverCommandExecutor.invokeExecute(DriverCommandExecutor.java:216)
at org.openqa.selenium.remote.service.DriverCommandExecutor.execute(DriverCommandExecutor.java:174)
at org.openqa.selenium.remote.RemoteWebDriver.execute(RemoteWebDriver.java:519)
at org.openqa.selenium.remote.ElementLocation$ElementFinder$2.findElement(ElementLocation.java:165)
at org.openqa.selenium.remote.ElementLocation.findElement(ElementLocation.java:59)
at org.openqa.selenium.remote.RemoteWebDriver.findElement(RemoteWebDriver.java:356)
at org.openqa.selenium.remote.RemoteWebDriver.findElement(RemoteWebDriver.java:350)
at com.PMPeople.TestClass6_ResourceManager.T2_AddingExistingContractorToResourcePool.ddingExistingContractorToResourcePool(T2_AddingExistingContractorToResourcePool.java:54)
at java.base/java.util.ArrayList.forEach(ArrayList.java:1511)
... Removed 32 stack frames]]>
    </failure>
  </testcase> <!-- ddingExistingContractorToResourcePool -->
  <testcase classname="com.PMPeople.TestClass4_EditProfile.T1_ChangePassword" name="changePassword" time="27.582"/>
  <testcase classname="com.PMPeople.TestClass4_EditProfile.T2_ChangeName" name="changeNameUnderProfile" time="34.216"/>
  <testcase classname="com.PMPeople.TestClass1_SignUp.T3_SignUp_with_registered_credentials" name="signin_with_registered_credentials" time="21.189"/>
</testsuite> <!-- Test -->
